◇ injected env (0) from .env // tip: ◈ secrets for agents [www.dotenvx.com]
Potongin AI backend listening on port 4000
SyntaxError: Expected property name or '}' in JSON at position 1 (line 1 column 2)
    at JSON.parse (<anonymous>)
    at parse (C:\Users\PROGRAM DISPLAY\Documents\New project 4\potongin-ai\backend\node_modules\body-parser\lib\types\json.js:72:19)
    at C:\Users\PROGRAM DISPLAY\Documents\New project 4\potongin-ai\backend\node_modules\body-parser\lib\read.js:162:18
    at AsyncResource.runInAsyncScope (node:async_hooks:214:14)
    at invokeCallback (C:\Users\PROGRAM DISPLAY\Documents\New project 4\potongin-ai\backend\node_modules\raw-body\index.js:238:16)
    at done (C:\Users\PROGRAM DISPLAY\Documents\New project 4\potongin-ai\backend\node_modules\raw-body\index.js:227:7)
    at IncomingMessage.onEnd (C:\Users\PROGRAM DISPLAY\Documents\New project 4\potongin-ai\backend\node_modules\raw-body\index.js:287:7)
    at IncomingMessage.emit (node:events:518:28)
    at endReadableNT (node:internal/streams/readable:1698:12)
    at process.processTicksAndRejections (node:internal/process/task_queues:90:21) {
  expose: true,
  statusCode: 400,
  status: 400,
  body: '{\\',
  type: 'entity.parse.failed'
}
SyntaxError: Expected property name or '}' in JSON at position 1 (line 1 column 2)
    at JSON.parse (<anonymous>)
    at parse (C:\Users\PROGRAM DISPLAY\Documents\New project 4\potongin-ai\backend\node_modules\body-parser\lib\types\json.js:72:19)
    at C:\Users\PROGRAM DISPLAY\Documents\New project 4\potongin-ai\backend\node_modules\body-parser\lib\read.js:162:18
    at AsyncResource.runInAsyncScope (node:async_hooks:214:14)
    at invokeCallback (C:\Users\PROGRAM DISPLAY\Documents\New project 4\potongin-ai\backend\node_modules\raw-body\index.js:238:16)
    at done (C:\Users\PROGRAM DISPLAY\Documents\New project 4\potongin-ai\backend\node_modules\raw-body\index.js:227:7)
    at IncomingMessage.onEnd (C:\Users\PROGRAM DISPLAY\Documents\New project 4\potongin-ai\backend\node_modules\raw-body\index.js:287:7)
    at IncomingMessage.emit (node:events:518:28)
    at endReadableNT (node:internal/streams/readable:1698:12)
    at process.processTicksAndRejections (node:internal/process/task_queues:90:21) {
  expose: true,
  statusCode: 400,
  status: 400,
  body: '{source:manual-test,localUri:file://test.jpg,width:1024,height:1084}',
  type: 'entity.parse.failed'
}
SyntaxError: Expected property name or '}' in JSON at position 1 (line 1 column 2)
    at JSON.parse (<anonymous>)
    at parse (C:\Users\PROGRAM DISPLAY\Documents\New project 4\potongin-ai\backend\node_modules\body-parser\lib\types\json.js:72:19)
    at C:\Users\PROGRAM DISPLAY\Documents\New project 4\potongin-ai\backend\node_modules\body-parser\lib\read.js:162:18
    at AsyncResource.runInAsyncScope (node:async_hooks:214:14)
    at invokeCallback (C:\Users\PROGRAM DISPLAY\Documents\New project 4\potongin-ai\backend\node_modules\raw-body\index.js:238:16)
    at done (C:\Users\PROGRAM DISPLAY\Documents\New project 4\potongin-ai\backend\node_modules\raw-body\index.js:227:7)
    at IncomingMessage.onEnd (C:\Users\PROGRAM DISPLAY\Documents\New project 4\potongin-ai\backend\node_modules\raw-body\index.js:287:7)
    at IncomingMessage.emit (node:events:518:28)
    at endReadableNT (node:internal/streams/readable:1698:12)
    at process.processTicksAndRejections (node:internal/process/task_queues:90:21) {
  expose: true,
  statusCode: 400,
  status: 400,
  body: '{source:manual-test,localUri:file://test.jpg,width:1024,height:1084}',
  type: 'entity.parse.failed'
}
